<?xml version="1.0" encoding="UTF-8"?>
<!-- Generated by org.testng.reporters.JUnitReportReporter -->
<testsuite hostname="LAPTOP-4265JSAQ" failures="0" tests="2" name="com.practicetest.apiTestAutomation.tests.TestGETComments" time="1.839" errors="0" timestamp="2021-08-13T01:53:25 CEST" skipped="0">
  <testcase classname="com.practicetest.apiTestAutomation.tests.TestGETComments" name="verifyNoCommentsAvailableForInvalidPostID" time="1.736"/>
  <system-out/>
  <testcase classname="com.practicetest.apiTestAutomation.tests.TestGETComments" name="verifyNotFoundStatusForInvalidEndpointForCommentsService" time="0.103"/>
  <system-out/>
</testsuite> <!-- com.practicetest.apiTestAutomation.tests.TestGETComments -->
