<?xml version="1.0" encoding="UTF-8"?>
<!-- Generated by org.testng.reporters.JUnitReportReporter -->
<testsuite hostname="LAPTOP-4265JSAQ" failures="0" tests="1" name="com.practicetest.apiTestAutomation.tests.TestGETUserPosts" time="3.606" errors="0" timestamp="2021-08-12T19:33:21 CEST" skipped="0">
  <testcase classname="com.practicetest.apiTestAutomation.tests.TestGETUserPosts" name="searchPostByUser" time="3.606"/>
  <system-out/>
</testsuite> <!-- com.practicetest.apiTestAutomation.tests.TestGETUserPosts -->
