<?xml version="1.0" encoding="UTF-8"?>
<!-- Generated by org.testng.reporters.JUnitReportReporter -->
<testsuite hostname="LAPTOP-4265JSAQ" failures="0" tests="2" name="com.practicetest.apiTestAutomation.tests.TestGETPosts" time="0.212" errors="0" timestamp="2021-08-13T17:08:30 CEST" skipped="0">
  <testcase classname="com.practicetest.apiTestAutomation.tests.TestGETPosts" name="verifyNotFoundStatusForInvalidEndpointForPostsService" time="0.099"/>
  <system-out/>
  <testcase classname="com.practicetest.apiTestAutomation.tests.TestGETPosts" name="verifyNoPostsAvailableForInvalidUser" time="0.113"/>
  <system-out/>
</testsuite> <!-- com.practicetest.apiTestAutomation.tests.TestGETPosts -->
