<?xml version="1.0" encoding="UTF-8"?>
<!-- Generated by org.testng.reporters.JUnitReportReporter -->
<testsuite hostname="LAPTOP-4265JSAQ" failures="0" tests="1" name="com.practicetest.apiTestAutomation.tests.TestGETPosts" time="1.345" errors="0" timestamp="2021-08-13T01:51:11 CEST" skipped="0">
  <testcase classname="com.practicetest.apiTestAutomation.tests.TestGETPosts" name="verifyNotFoundStatusForInvalidEndpoint" time="1.345"/>
  <system-out/>
</testsuite> <!-- com.practicetest.apiTestAutomation.tests.TestGETPosts -->
