<?xml version="1.0" encoding="UTF-8"?>
<!-- Generated by org.testng.reporters.JUnitReportReporter -->
<testsuite hostname="LAPTOP-4265JSAQ" failures="0" tests="2" name="com.practicetest.apiTestAutomation.tests.TestGETComments" time="0.133" errors="0" timestamp="2021-08-13T09:25:17 CEST" skipped="0">
  <testcase classname="com.practicetest.apiTestAutomation.tests.TestGETComments" name="verifyNoCommentsAvailableForInvalidPostID" time="0.063"/>
  <system-out/>
  <testcase classname="com.practicetest.apiTestAutomation.tests.TestGETComments" name="verifyNotFoundStatusForInvalidEndpointForCommentsService" time="0.070"/>
  <system-out/>
</testsuite> <!-- com.practicetest.apiTestAutomation.tests.TestGETComments -->
