<?xml version="1.0" encoding="UTF-8"?>
<!-- Generated by org.testng.reporters.JUnitReportReporter -->
<testsuite hostname="LAPTOP-4265JSAQ" failures="0" tests="1" name="com.practicetest.apiTestAutomation.tests.TestIntegration" time="3.058" errors="0" timestamp="2021-08-13T17:08:30 CEST" skipped="0">
  <testcase classname="com.practicetest.apiTestAutomation.tests.TestIntegration" name="verifyEmailformatInComments" time="3.058"/>
  <system-out/>
</testsuite> <!-- com.practicetest.apiTestAutomation.tests.TestIntegration -->
