<?xml version="1.0" encoding="UTF-8"?>
<!-- Generated by org.testng.reporters.JUnitReportReporter -->
<testsuite hostname="LAPTOP-4265JSAQ" failures="0" tests="2" name="com.practicetest.apiTestAutomation.tests.TestGETPosts" time="2.849" errors="0" timestamp="2021-08-13T03:31:25 CEST" skipped="0">
  <testcase classname="com.practicetest.apiTestAutomation.tests.TestGETPosts" name="verifyNotFoundStatusForInvalidEndpointForPostsService" time="0.114"/>
  <system-out/>
  <testcase classname="com.practicetest.apiTestAutomation.tests.TestGETPosts" name="verifyNoPostsAvailableForInvalidUser" time="2.735"/>
  <system-out/>
</testsuite> <!-- com.practicetest.apiTestAutomation.tests.TestGETPosts -->
